2026-01-03 19:55:48: 
2026-01-03 19:55:48: > app@0.1.0 start
2026-01-03 19:55:48: > next start
2026-01-03 19:55:48: 
2026-01-03 19:55:48: 
2026-01-03 19:55:48: > app@0.1.0 start
2026-01-03 19:55:48: > next start
2026-01-03 19:55:48: 
2026-01-03 19:55:49: 
2026-01-03 19:55:49: > app@0.1.0 start
2026-01-03 19:55:49: > next start
2026-01-03 19:55:49: 
2026-01-03 19:55:49: 
2026-01-03 19:55:49: > app@0.1.0 start
2026-01-03 19:55:49: > next start
2026-01-03 19:55:49: 
2026-01-03 19:55:49: 
2026-01-03 19:55:49: > app@0.1.0 start
2026-01-03 19:55:49: > next start
2026-01-03 19:55:49: 
2026-01-03 19:55:50: 
2026-01-03 19:55:50: > app@0.1.0 start
2026-01-03 19:55:50: > next start
2026-01-03 19:55:50: 
2026-01-03 19:55:50: 
2026-01-03 19:55:50: > app@0.1.0 start
2026-01-03 19:55:50: > next start
2026-01-03 19:55:50: 
2026-01-03 19:55:50: 
2026-01-03 19:55:50: > app@0.1.0 start
2026-01-03 19:55:50: > next start
2026-01-03 19:55:50: 
2026-01-03 19:55:51: 
2026-01-03 19:55:51: > app@0.1.0 start
2026-01-03 19:55:51: > next start
2026-01-03 19:55:51: 
2026-01-03 19:55:51: 
2026-01-03 19:55:51: > app@0.1.0 start
2026-01-03 19:55:51: > next start
2026-01-03 19:55:51: 
2026-01-03 19:55:52: 
2026-01-03 19:55:52: > app@0.1.0 start
2026-01-03 19:55:52: > next start
2026-01-03 19:55:52: 
2026-01-03 19:55:52: 
2026-01-03 19:55:52: > app@0.1.0 start
2026-01-03 19:55:52: > next start
2026-01-03 19:55:52: 
2026-01-03 19:55:52: 
2026-01-03 19:55:52: > app@0.1.0 start
2026-01-03 19:55:52: > next start
2026-01-03 19:55:52: 
2026-01-03 19:55:53: 
2026-01-03 19:55:53: > app@0.1.0 start
2026-01-03 19:55:53: > next start
2026-01-03 19:55:53: 
2026-01-03 19:55:53: 
2026-01-03 19:55:53: > app@0.1.0 start
2026-01-03 19:55:53: > next start
2026-01-03 19:55:53: 
2026-01-03 19:55:54: 
2026-01-03 19:55:54: > app@0.1.0 start
2026-01-03 19:55:54: > next start
2026-01-03 19:55:54: 
2026-01-03 20:02:20: 
2026-01-03 20:02:20: > app@0.1.0 start
2026-01-03 20:02:20: > next start
2026-01-03 20:02:20: 
2026-01-03 20:02:20: 
2026-01-03 20:02:20: > app@0.1.0 start
2026-01-03 20:02:20: > next start
2026-01-03 20:02:20: 
2026-01-03 20:02:21: 
2026-01-03 20:02:21: > app@0.1.0 start
2026-01-03 20:02:21: > next start
2026-01-03 20:02:21: 
2026-01-03 20:02:21: 
2026-01-03 20:02:21: > app@0.1.0 start
2026-01-03 20:02:21: > next start
2026-01-03 20:02:21: 
2026-01-03 20:02:22: 
2026-01-03 20:02:22: > app@0.1.0 start
2026-01-03 20:02:22: > next start
2026-01-03 20:02:22: 
2026-01-03 20:02:22: 
2026-01-03 20:02:22: > app@0.1.0 start
2026-01-03 20:02:22: > next start
2026-01-03 20:02:22: 
2026-01-03 20:02:22: 
2026-01-03 20:02:22: > app@0.1.0 start
2026-01-03 20:02:22: > next start
2026-01-03 20:02:22: 
2026-01-03 20:02:23: 
2026-01-03 20:02:23: > app@0.1.0 start
2026-01-03 20:02:23: > next start
2026-01-03 20:02:23: 
2026-01-03 20:02:23: 
2026-01-03 20:02:23: > app@0.1.0 start
2026-01-03 20:02:23: > next start
2026-01-03 20:02:23: 
2026-01-03 20:02:24: 
2026-01-03 20:02:24: > app@0.1.0 start
2026-01-03 20:02:24: > next start
2026-01-03 20:02:24: 
2026-01-03 20:02:24: 
2026-01-03 20:02:24: > app@0.1.0 start
2026-01-03 20:02:24: > next start
2026-01-03 20:02:24: 
2026-01-03 20:02:24: 
2026-01-03 20:02:24: > app@0.1.0 start
2026-01-03 20:02:24: > next start
2026-01-03 20:02:24: 
2026-01-03 20:02:25: 
2026-01-03 20:02:25: > app@0.1.0 start
2026-01-03 20:02:25: > next start
2026-01-03 20:02:25: 
2026-01-03 20:02:25: 
2026-01-03 20:02:25: > app@0.1.0 start
2026-01-03 20:02:25: > next start
2026-01-03 20:02:25: 
2026-01-03 20:02:26: 
2026-01-03 20:02:26: > app@0.1.0 start
2026-01-03 20:02:26: > next start
2026-01-03 20:02:26: 
2026-01-03 20:02:26: 
2026-01-03 20:02:26: > app@0.1.0 start
2026-01-03 20:02:26: > next start
2026-01-03 20:02:26: 
2026-01-03 20:03:05: 
2026-01-03 20:03:05: > app@0.1.0 start
2026-01-03 20:03:05: > next start
2026-01-03 20:03:05: 
2026-01-03 20:03:06:    ▲ Next.js 15.3.6
2026-01-03 20:03:06:    - Local:        http://localhost:3002
2026-01-03 20:03:06:    - Network:      http://172.20.0.8:3002
2026-01-03 20:03:06: 
2026-01-03 20:03:06:  ✓ Starting...
2026-01-03 20:03:06: 
2026-01-03 20:03:06: > app@0.1.0 start
2026-01-03 20:03:06: > next start
2026-01-03 20:03:06: 
2026-01-03 20:03:06:    ▲ Next.js 15.3.6
2026-01-03 20:03:06:    - Local:        http://localhost:3002
2026-01-03 20:03:06:    - Network:      http://172.20.0.8:3002
2026-01-03 20:03:06: 
2026-01-03 20:03:06:  ✓ Starting...
2026-01-03 20:03:07: 
2026-01-03 20:03:07: > app@0.1.0 start
2026-01-03 20:03:07: > next start
2026-01-03 20:03:07: 
2026-01-03 20:03:07:    ▲ Next.js 15.3.6
2026-01-03 20:03:07:    - Local:        http://localhost:3002
2026-01-03 20:03:07:    - Network:      http://172.20.0.8:3002
2026-01-03 20:03:07: 
2026-01-03 20:03:07:  ✓ Starting...
2026-01-03 20:03:07: 
2026-01-03 20:03:07: > app@0.1.0 start
2026-01-03 20:03:07: > next start
2026-01-03 20:03:07: 
2026-01-03 20:03:07:    ▲ Next.js 15.3.6
2026-01-03 20:03:07:    - Local:        http://localhost:3002
2026-01-03 20:03:07:    - Network:      http://172.20.0.8:3002
2026-01-03 20:03:07: 
2026-01-03 20:03:07:  ✓ Starting...
2026-01-03 20:03:08: 
2026-01-03 20:03:08: > app@0.1.0 start
2026-01-03 20:03:08: > next start
2026-01-03 20:03:08: 
2026-01-03 20:03:08:    ▲ Next.js 15.3.6
2026-01-03 20:03:08:    - Local:        http://localhost:3002
2026-01-03 20:03:08:    - Network:      http://172.20.0.8:3002
2026-01-03 20:03:08: 
2026-01-03 20:03:08:  ✓ Starting...
2026-01-03 20:03:08: 
2026-01-03 20:03:08: > app@0.1.0 start
2026-01-03 20:03:08: > next start
2026-01-03 20:03:08: 
2026-01-03 20:03:09:    ▲ Next.js 15.3.6
2026-01-03 20:03:09:    - Local:        http://localhost:3002
2026-01-03 20:03:09:    - Network:      http://172.20.0.8:3002
2026-01-03 20:03:09: 
2026-01-03 20:03:09:  ✓ Starting...
2026-01-03 20:03:09: 
2026-01-03 20:03:09: > app@0.1.0 start
2026-01-03 20:03:09: > next start
2026-01-03 20:03:09: 
2026-01-03 20:03:09:    ▲ Next.js 15.3.6
2026-01-03 20:03:09:    - Local:        http://localhost:3002
2026-01-03 20:03:09:    - Network:      http://172.20.0.8:3002
2026-01-03 20:03:09: 
2026-01-03 20:03:09:  ✓ Starting...
2026-01-03 20:03:09: 
2026-01-03 20:03:09: > app@0.1.0 start
2026-01-03 20:03:09: > next start
2026-01-03 20:03:09: 
2026-01-03 20:03:10:    ▲ Next.js 15.3.6
2026-01-03 20:03:10:    - Local:        http://localhost:3002
2026-01-03 20:03:10:    - Network:      http://172.20.0.8:3002
2026-01-03 20:03:10: 
2026-01-03 20:03:10:  ✓ Starting...
2026-01-03 20:03:10: 
2026-01-03 20:03:10: > app@0.1.0 start
2026-01-03 20:03:10: > next start
2026-01-03 20:03:10: 
2026-01-03 20:03:10:    ▲ Next.js 15.3.6
2026-01-03 20:03:10:    - Local:        http://localhost:3002
2026-01-03 20:03:10:    - Network:      http://172.20.0.8:3002
2026-01-03 20:03:10: 
2026-01-03 20:03:10:  ✓ Starting...
2026-01-03 20:03:11: 
2026-01-03 20:03:11: > app@0.1.0 start
2026-01-03 20:03:11: > next start
2026-01-03 20:03:11: 
2026-01-03 20:03:11:    ▲ Next.js 15.3.6
2026-01-03 20:03:11:    - Local:        http://localhost:3002
2026-01-03 20:03:11:    - Network:      http://172.20.0.8:3002
2026-01-03 20:03:11: 
2026-01-03 20:03:11:  ✓ Starting...
2026-01-03 20:03:11: 
2026-01-03 20:03:11: > app@0.1.0 start
2026-01-03 20:03:11: > next start
2026-01-03 20:03:11: 
2026-01-03 20:03:11:    ▲ Next.js 15.3.6
2026-01-03 20:03:11:    - Local:        http://localhost:3002
2026-01-03 20:03:11:    - Network:      http://172.20.0.8:3002
2026-01-03 20:03:11: 
2026-01-03 20:03:11:  ✓ Starting...
2026-01-03 20:03:12: 
2026-01-03 20:03:12: > app@0.1.0 start
2026-01-03 20:03:12: > next start
2026-01-03 20:03:12: 
2026-01-03 20:03:12:    ▲ Next.js 15.3.6
2026-01-03 20:03:12:    - Local:        http://localhost:3002
2026-01-03 20:03:12:    - Network:      http://172.20.0.8:3002
2026-01-03 20:03:12: 
2026-01-03 20:03:12:  ✓ Starting...
2026-01-03 20:03:12: 
2026-01-03 20:03:12: > app@0.1.0 start
2026-01-03 20:03:12: > next start
2026-01-03 20:03:12: 
2026-01-03 20:03:13:    ▲ Next.js 15.3.6
2026-01-03 20:03:13:    - Local:        http://localhost:3002
2026-01-03 20:03:13:    - Network:      http://172.20.0.8:3002
2026-01-03 20:03:13: 
2026-01-03 20:03:13:  ✓ Starting...
2026-01-03 20:03:13: 
2026-01-03 20:03:13: > app@0.1.0 start
2026-01-03 20:03:13: > next start
2026-01-03 20:03:13: 
2026-01-03 20:03:13:    ▲ Next.js 15.3.6
2026-01-03 20:03:13:    - Local:        http://localhost:3002
2026-01-03 20:03:13:    - Network:      http://172.20.0.8:3002
2026-01-03 20:03:13: 
2026-01-03 20:03:13:  ✓ Starting...
2026-01-03 20:03:13: 
2026-01-03 20:03:13: > app@0.1.0 start
2026-01-03 20:03:13: > next start
2026-01-03 20:03:13: 
2026-01-03 20:03:14:    ▲ Next.js 15.3.6
2026-01-03 20:03:14:    - Local:        http://localhost:3002
2026-01-03 20:03:14:    - Network:      http://172.20.0.8:3002
2026-01-03 20:03:14: 
2026-01-03 20:03:14:  ✓ Starting...
2026-01-03 20:03:14: 
2026-01-03 20:03:14: > app@0.1.0 start
2026-01-03 20:03:14: > next start
2026-01-03 20:03:14: 
2026-01-03 20:03:14:    ▲ Next.js 15.3.6
2026-01-03 20:03:14:    - Local:        http://localhost:3002
2026-01-03 20:03:14:    - Network:      http://172.20.0.8:3002
2026-01-03 20:03:14: 
2026-01-03 20:03:14:  ✓ Starting...
2026-01-03 20:06:10: 
2026-01-03 20:06:10: > app@0.1.0 start
2026-01-03 20:06:10: > next start
2026-01-03 20:06:10: 
2026-01-03 20:06:10:    ▲ Next.js 15.3.6
2026-01-03 20:06:10:    - Local:        http://localhost:3002
2026-01-03 20:06:10:    - Network:      http://172.20.0.8:3002
2026-01-03 20:06:10: 
2026-01-03 20:06:10:  ✓ Starting...
2026-01-03 20:06:10: 
2026-01-03 20:06:10: > app@0.1.0 start
2026-01-03 20:06:10: > next start
2026-01-03 20:06:10: 
2026-01-03 20:06:11:    ▲ Next.js 15.3.6
2026-01-03 20:06:11:    - Local:        http://localhost:3002
2026-01-03 20:06:11:    - Network:      http://172.20.0.8:3002
2026-01-03 20:06:11: 
2026-01-03 20:06:11:  ✓ Starting...
2026-01-03 20:06:11: 
2026-01-03 20:06:11: > app@0.1.0 start
2026-01-03 20:06:11: > next start
2026-01-03 20:06:11: 
2026-01-03 20:06:11:    ▲ Next.js 15.3.6
2026-01-03 20:06:11:    - Local:        http://localhost:3002
2026-01-03 20:06:11:    - Network:      http://172.20.0.8:3002
2026-01-03 20:06:11: 
2026-01-03 20:06:11:  ✓ Starting...
2026-01-03 20:06:12: 
2026-01-03 20:06:12: > app@0.1.0 start
2026-01-03 20:06:12: > next start
2026-01-03 20:06:12: 
2026-01-03 20:06:12:    ▲ Next.js 15.3.6
2026-01-03 20:06:12:    - Local:        http://localhost:3002
2026-01-03 20:06:12:    - Network:      http://172.20.0.8:3002
2026-01-03 20:06:12: 
2026-01-03 20:06:12:  ✓ Starting...
2026-01-03 20:06:12: 
2026-01-03 20:06:12: > app@0.1.0 start
2026-01-03 20:06:12: > next start
2026-01-03 20:06:12: 
2026-01-03 20:06:12:    ▲ Next.js 15.3.6
2026-01-03 20:06:12:    - Local:        http://localhost:3002
2026-01-03 20:06:12:    - Network:      http://172.20.0.8:3002
2026-01-03 20:06:12: 
2026-01-03 20:06:12:  ✓ Starting...
2026-01-03 20:06:13: 
2026-01-03 20:06:13: > app@0.1.0 start
2026-01-03 20:06:13: > next start
2026-01-03 20:06:13: 
2026-01-03 20:06:13:    ▲ Next.js 15.3.6
2026-01-03 20:06:13:    - Local:        http://localhost:3002
2026-01-03 20:06:13:    - Network:      http://172.20.0.8:3002
2026-01-03 20:06:13: 
2026-01-03 20:06:13:  ✓ Starting...
2026-01-03 20:06:13: 
2026-01-03 20:06:13: > app@0.1.0 start
2026-01-03 20:06:13: > next start
2026-01-03 20:06:13: 
2026-01-03 20:06:14:    ▲ Next.js 15.3.6
2026-01-03 20:06:14:    - Local:        http://localhost:3002
2026-01-03 20:06:14:    - Network:      http://172.20.0.8:3002
2026-01-03 20:06:14: 
2026-01-03 20:06:14:  ✓ Starting...
2026-01-03 20:06:14: 
2026-01-03 20:06:14: > app@0.1.0 start
2026-01-03 20:06:14: > next start
2026-01-03 20:06:14: 
2026-01-03 20:06:14:    ▲ Next.js 15.3.6
2026-01-03 20:06:14:    - Local:        http://localhost:3002
2026-01-03 20:06:14:    - Network:      http://172.20.0.8:3002
2026-01-03 20:06:14: 
2026-01-03 20:06:14:  ✓ Starting...
2026-01-03 20:06:14: 
2026-01-03 20:06:14: > app@0.1.0 start
2026-01-03 20:06:14: > next start
2026-01-03 20:06:14: 
2026-01-03 20:06:15:    ▲ Next.js 15.3.6
2026-01-03 20:06:15:    - Local:        http://localhost:3002
2026-01-03 20:06:15:    - Network:      http://172.20.0.8:3002
2026-01-03 20:06:15: 
2026-01-03 20:06:15:  ✓ Starting...
2026-01-03 20:06:15: 
2026-01-03 20:06:15: > app@0.1.0 start
2026-01-03 20:06:15: > next start
2026-01-03 20:06:15: 
2026-01-03 20:06:15:    ▲ Next.js 15.3.6
2026-01-03 20:06:15:    - Local:        http://localhost:3002
2026-01-03 20:06:15:    - Network:      http://172.20.0.8:3002
2026-01-03 20:06:15: 
2026-01-03 20:06:15:  ✓ Starting...
2026-01-03 20:06:16: 
2026-01-03 20:06:16: > app@0.1.0 start
2026-01-03 20:06:16: > next start
2026-01-03 20:06:16: 
2026-01-03 20:06:16:    ▲ Next.js 15.3.6
2026-01-03 20:06:16:    - Local:        http://localhost:3002
2026-01-03 20:06:16:    - Network:      http://172.20.0.8:3002
2026-01-03 20:06:16: 
2026-01-03 20:06:16:  ✓ Starting...
2026-01-03 20:06:16: 
2026-01-03 20:06:16: > app@0.1.0 start
2026-01-03 20:06:16: > next start
2026-01-03 20:06:16: 
2026-01-03 20:06:16:    ▲ Next.js 15.3.6
2026-01-03 20:06:16:    - Local:        http://localhost:3002
2026-01-03 20:06:16:    - Network:      http://172.20.0.8:3002
2026-01-03 20:06:16: 
2026-01-03 20:06:16:  ✓ Starting...
2026-01-03 20:06:17: 
2026-01-03 20:06:17: > app@0.1.0 start
2026-01-03 20:06:17: > next start
2026-01-03 20:06:17: 
2026-01-03 20:06:17:    ▲ Next.js 15.3.6
2026-01-03 20:06:17:    - Local:        http://localhost:3002
2026-01-03 20:06:17:    - Network:      http://172.20.0.8:3002
2026-01-03 20:06:17: 
2026-01-03 20:06:17:  ✓ Starting...
2026-01-03 20:06:17: 
2026-01-03 20:06:17: > app@0.1.0 start
2026-01-03 20:06:17: > next start
2026-01-03 20:06:17: 
2026-01-03 20:06:17:    ▲ Next.js 15.3.6
2026-01-03 20:06:17:    - Local:        http://localhost:3002
2026-01-03 20:06:17:    - Network:      http://172.20.0.8:3002
2026-01-03 20:06:17: 
2026-01-03 20:06:17:  ✓ Starting...
2026-01-03 20:06:18: 
2026-01-03 20:06:18: > app@0.1.0 start
2026-01-03 20:06:18: > next start
2026-01-03 20:06:18: 
2026-01-03 20:06:18:    ▲ Next.js 15.3.6
2026-01-03 20:06:18:    - Local:        http://localhost:3002
2026-01-03 20:06:18:    - Network:      http://172.20.0.8:3002
2026-01-03 20:06:18: 
2026-01-03 20:06:18:  ✓ Starting...
2026-01-03 20:06:18: 
2026-01-03 20:06:18: > app@0.1.0 start
2026-01-03 20:06:18: > next start
2026-01-03 20:06:18: 
2026-01-03 20:06:19:    ▲ Next.js 15.3.6
2026-01-03 20:06:19:    - Local:        http://localhost:3002
2026-01-03 20:06:19:    - Network:      http://172.20.0.8:3002
2026-01-03 20:06:19: 
2026-01-03 20:06:19:  ✓ Starting...
2026-01-03 20:47:06: 
2026-01-03 20:47:06: > app@0.1.0 start
2026-01-03 20:47:06: > next start
2026-01-03 20:47:06: 
2026-01-03 20:47:06:    ▲ Next.js 15.3.6
2026-01-03 20:47:06:    - Local:        http://localhost:3002
2026-01-03 20:47:06:    - Network:      http://172.20.0.16:3002
2026-01-03 20:47:06: 
2026-01-03 20:47:06:  ✓ Starting...
2026-01-03 20:47:07: 
2026-01-03 20:47:07: > app@0.1.0 start
2026-01-03 20:47:07: > next start
2026-01-03 20:47:07: 
2026-01-03 20:47:08:    ▲ Next.js 15.3.6
2026-01-03 20:47:08:    - Local:        http://localhost:3002
2026-01-03 20:47:08:    - Network:      http://172.20.0.16:3002
2026-01-03 20:47:08: 
2026-01-03 20:47:08:  ✓ Starting...
2026-01-03 20:47:08: 
2026-01-03 20:47:08: > app@0.1.0 start
2026-01-03 20:47:08: > next start
2026-01-03 20:47:08: 
2026-01-03 20:47:09:    ▲ Next.js 15.3.6
2026-01-03 20:47:09:    - Local:        http://localhost:3002
2026-01-03 20:47:09:    - Network:      http://172.20.0.16:3002
2026-01-03 20:47:09: 
2026-01-03 20:47:09:  ✓ Starting...
2026-01-03 20:47:09: 
2026-01-03 20:47:09: > app@0.1.0 start
2026-01-03 20:47:09: > next start
2026-01-03 20:47:09: 
2026-01-03 20:47:09:    ▲ Next.js 15.3.6
2026-01-03 20:47:09:    - Local:        http://localhost:3002
2026-01-03 20:47:09:    - Network:      http://172.20.0.16:3002
2026-01-03 20:47:09: 
2026-01-03 20:47:09:  ✓ Starting...
2026-01-03 20:47:09: 
2026-01-03 20:47:09: > app@0.1.0 start
2026-01-03 20:47:09: > next start
2026-01-03 20:47:09: 
2026-01-03 20:47:10:    ▲ Next.js 15.3.6
2026-01-03 20:47:10:    - Local:        http://localhost:3002
2026-01-03 20:47:10:    - Network:      http://172.20.0.16:3002
2026-01-03 20:47:10: 
2026-01-03 20:47:10:  ✓ Starting...
2026-01-03 20:47:10: 
2026-01-03 20:47:10: > app@0.1.0 start
2026-01-03 20:47:10: > next start
2026-01-03 20:47:10: 
2026-01-03 20:47:10:    ▲ Next.js 15.3.6
2026-01-03 20:47:10:    - Local:        http://localhost:3002
2026-01-03 20:47:10:    - Network:      http://172.20.0.16:3002
2026-01-03 20:47:10: 
2026-01-03 20:47:10:  ✓ Starting...
2026-01-03 20:47:11: 
2026-01-03 20:47:11: > app@0.1.0 start
2026-01-03 20:47:11: > next start
2026-01-03 20:47:11: 
2026-01-03 20:47:11:    ▲ Next.js 15.3.6
2026-01-03 20:47:11:    - Local:        http://localhost:3002
2026-01-03 20:47:11:    - Network:      http://172.20.0.16:3002
2026-01-03 20:47:11: 
2026-01-03 20:47:11:  ✓ Starting...
2026-01-03 20:47:11: 
2026-01-03 20:47:11: > app@0.1.0 start
2026-01-03 20:47:11: > next start
2026-01-03 20:47:11: 
2026-01-03 20:47:12:    ▲ Next.js 15.3.6
2026-01-03 20:47:12:    - Local:        http://localhost:3002
2026-01-03 20:47:12:    - Network:      http://172.20.0.16:3002
2026-01-03 20:47:12: 
2026-01-03 20:47:12:  ✓ Starting...
2026-01-03 20:47:12: 
2026-01-03 20:47:12: > app@0.1.0 start
2026-01-03 20:47:12: > next start
2026-01-03 20:47:12: 
2026-01-03 20:47:12:    ▲ Next.js 15.3.6
2026-01-03 20:47:12:    - Local:        http://localhost:3002
2026-01-03 20:47:12:    - Network:      http://172.20.0.16:3002
2026-01-03 20:47:12: 
2026-01-03 20:47:12:  ✓ Starting...
2026-01-03 20:47:13: 
2026-01-03 20:47:13: > app@0.1.0 start
2026-01-03 20:47:13: > next start
2026-01-03 20:47:13: 
2026-01-03 20:47:13:    ▲ Next.js 15.3.6
2026-01-03 20:47:13:    - Local:        http://localhost:3002
2026-01-03 20:47:13:    - Network:      http://172.20.0.16:3002
2026-01-03 20:47:13: 
2026-01-03 20:47:13:  ✓ Starting...
2026-01-03 20:47:13: 
2026-01-03 20:47:13: > app@0.1.0 start
2026-01-03 20:47:13: > next start
2026-01-03 20:47:13: 
2026-01-03 20:47:14:    ▲ Next.js 15.3.6
2026-01-03 20:47:14:    - Local:        http://localhost:3002
2026-01-03 20:47:14:    - Network:      http://172.20.0.16:3002
2026-01-03 20:47:14: 
2026-01-03 20:47:14:  ✓ Starting...
2026-01-03 20:47:14: 
2026-01-03 20:47:14: > app@0.1.0 start
2026-01-03 20:47:14: > next start
2026-01-03 20:47:14: 
2026-01-03 20:47:14:    ▲ Next.js 15.3.6
2026-01-03 20:47:14:    - Local:        http://localhost:3002
2026-01-03 20:47:14:    - Network:      http://172.20.0.16:3002
2026-01-03 20:47:14: 
2026-01-03 20:47:14:  ✓ Starting...
2026-01-03 20:47:15: 
2026-01-03 20:47:15: > app@0.1.0 start
2026-01-03 20:47:15: > next start
2026-01-03 20:47:15: 
2026-01-03 20:47:15:    ▲ Next.js 15.3.6
2026-01-03 20:47:15:    - Local:        http://localhost:3002
2026-01-03 20:47:15:    - Network:      http://172.20.0.16:3002
2026-01-03 20:47:15: 
2026-01-03 20:47:15:  ✓ Starting...
2026-01-03 20:47:15: 
2026-01-03 20:47:15: > app@0.1.0 start
2026-01-03 20:47:15: > next start
2026-01-03 20:47:15: 
2026-01-03 20:47:15:    ▲ Next.js 15.3.6
2026-01-03 20:47:15:    - Local:        http://localhost:3002
2026-01-03 20:47:15:    - Network:      http://172.20.0.16:3002
2026-01-03 20:47:15: 
2026-01-03 20:47:15:  ✓ Starting...
2026-01-03 20:47:16: 
2026-01-03 20:47:16: > app@0.1.0 start
2026-01-03 20:47:16: > next start
2026-01-03 20:47:16: 
2026-01-03 20:47:16:    ▲ Next.js 15.3.6
2026-01-03 20:47:16:    - Local:        http://localhost:3002
2026-01-03 20:47:16:    - Network:      http://172.20.0.16:3002
2026-01-03 20:47:16: 
2026-01-03 20:47:16:  ✓ Starting...
2026-01-03 20:47:16: 
2026-01-03 20:47:16: > app@0.1.0 start
2026-01-03 20:47:16: > next start
2026-01-03 20:47:16: 
2026-01-03 20:47:17:    ▲ Next.js 15.3.6
2026-01-03 20:47:17:    - Local:        http://localhost:3002
2026-01-03 20:47:17:    - Network:      http://172.20.0.16:3002
2026-01-03 20:47:17: 
2026-01-03 20:47:17:  ✓ Starting...
2026-01-03 20:47:17: 
2026-01-03 20:47:17: > app@0.1.0 start
2026-01-03 20:47:17: > next start
2026-01-03 20:47:17: 
2026-01-03 20:47:17:    ▲ Next.js 15.3.6
2026-01-03 20:47:17:    - Local:        http://localhost:3002
2026-01-03 20:47:17:    - Network:      http://172.20.0.16:3002
2026-01-03 20:47:17: 
2026-01-03 20:47:17:  ✓ Starting...
